[I 2024-05-24 07:38:10,291] Trial 60 finished with value: 13.0 and parameters: {'n_steps': 3735, 'batch_size': 512, 'gamma': 0.9613361318994809, 'learning_rate': 8.44986558711612e-05, 'ent_coef': 4.4152826305882526e-08, 'clip_range': 0.23610276271506303}. Best is trial 33 with value: 669.0.
Eval num_timesteps=336000, episode_reward=2.00 +/- 4.00
Episode length: 18.00 +/- 0.00
New best mean reward!
Eval num_timesteps=672000, episode_reward=2.00 +/- 4.00
Episode length: 18.00 +/- 0.00
MAJOR ERROR
State model nonzero prey:  5.699999999999996
(x,y): ( 13 , 0 )
Traceback (most recent call last):
  File "/home/doesburg/Dropbox/03_marl_code/PredPreyGrass/.conda/lib/python3.11/site-packages/supersuit/vector/multiproc_vec.py", line 91, in async_loop
    observations, rewards, terms, truncs, infos = vec_env.step(actions)
                                                  ^^^^^^^^^^^^^^^^^^^^^
  File "/home/doesburg/Dropbox/03_marl_code/PredPreyGrass/.conda/lib/python3.11/site-packages/supersuit/vector/concat_vec_env.py", line 84, in step
    venv.step(
  File "/home/doesburg/Dropbox/03_marl_code/PredPreyGrass/.conda/lib/python3.11/site-packages/supersuit/vector/markov_vector_wrapper.py", line 70, in step
    observations, rewards, terms, truncs, infos = self.par_env.step(act_dict)
                                                  ^^^^^^^^^^^^^^^^^^^^^^^^^^^
  File "/home/doesburg/Dropbox/03_marl_code/PredPreyGrass/.conda/lib/python3.11/site-packages/pettingzoo/utils/conversions.py", line 207, in step
    self.aec_env.step(actions[agent])
  File "/home/doesburg/Dropbox/03_marl_code/PredPreyGrass/pettingzoo/predpreygrass/environments/predpreygrass_variable_energy_transfer_12_test.py", line 1429, in step
  File "/home/doesburg/Dropbox/03_marl_code/PredPreyGrass/pettingzoo/predpreygrass/environments/predpreygrass_variable_energy_transfer_12_test.py", line 470, in step
  File "/home/doesburg/Dropbox/03_marl_code/PredPreyGrass/pettingzoo/predpreygrass/environments/predpreygrass_variable_energy_transfer_12_test.py", line 591, in predator_catches_prey_records
    print("self.agent_instance_in_grid_location[self.grass_type_nr][(x, y)] ",self.agent_instance_in_grid_location[self.grass_type_nr][(x, y)])
                                         ^^^^^^^^^^^^^^^^^^^^^^^^^^^^^^^^
AttributeError: 'NoneType' object has no attribute 'agent_name'

Training failed: 'NoneType' object has no attribute 'agent_name'
[W 2024-05-24 07:49:12,337] Trial 61 failed with parameters: {'n_steps': 2417, 'batch_size': 32, 'gamma': 0.9077065801615859, 'learning_rate': 0.003342986123339037, 'ent_coef': 2.0360399374486738e-06, 'clip_range': 0.2148843831923314} because of the following error: The value None could not be cast to float..
[W 2024-05-24 07:49:12,337] Trial 61 failed with value None.
Eval num_timesteps=336000, episode_reward=0.00 +/- 0.00
Episode length: 35.00 +/- 0.00
New best mean reward!
Eval num_timesteps=672000, episode_reward=0.00 +/- 0.00
Episode length: 18.00 +/- 0.00
Eval num_timesteps=1008000, episode_reward=8.00 +/- 4.00
Episode length: 72.00 +/- 0.00
New best mean reward!
Eval num_timesteps=1344000, episode_reward=0.00 +/- 0.00
Episode length: 34.00 +/- 0.00
[I 2024-05-24 08:05:28,935] Trial 62 finished with value: 8.0 and parameters: {'n_steps': 2153, 'batch_size': 32, 'gamma': 0.9284297492414587, 'learning_rate': 0.007120268044652472, 'ent_coef': 2.155368230454943e-06, 'clip_range': 0.2656151412672889}. Best is trial 33 with value: 669.0.
Eval num_timesteps=336000, episode_reward=2.00 +/- 4.00
Episode length: 34.00 +/- 0.00
New best mean reward!
Eval num_timesteps=672000, episode_reward=0.00 +/- 0.00
Episode length: 18.00 +/- 0.00
Eval num_timesteps=1008000, episode_reward=20.00 +/- 12.65
Episode length: 102.00 +/- 0.00
New best mean reward!
Eval num_timesteps=1344000, episode_reward=78.00 +/- 24.82
Episode length: 266.00 +/- 0.00
New best mean reward!
[I 2024-05-24 08:12:00,941] Trial 63 finished with value: 36.0 and parameters: {'n_steps': 2402, 'batch_size': 128, 'gamma': 0.8905146995031951, 'learning_rate': 0.0027938496082314823, 'ent_coef': 1.6723795337584566e-08, 'clip_range': 0.2806576077940987}. Best is trial 33 with value: 669.0.
Eval num_timesteps=336000, episode_reward=10.00 +/- 8.94
Episode length: 51.00 +/- 0.00
New best mean reward!
Eval num_timesteps=672000, episode_reward=8.00 +/- 9.80
Episode length: 33.00 +/- 0.00
Eval num_timesteps=1008000, episode_reward=0.00 +/- 0.00
Episode length: 30.00 +/- 0.00
Eval num_timesteps=1344000, episode_reward=6.00 +/- 4.90
Episode length: 35.00 +/- 0.00
Eval num_timesteps=1680000, episode_reward=4.00 +/- 4.90
Episode length: 35.00 +/- 0.00
MAJOR ERROR
State model nonzero prey:  2.4500000000000197
(x,y): ( 0 , 0 )
Traceback (most recent call last):
  File "/home/doesburg/Dropbox/03_marl_code/PredPreyGrass/.conda/lib/python3.11/site-packages/supersuit/vector/multiproc_vec.py", line 91, in async_loop
    observations, rewards, terms, truncs, infos = vec_env.step(actions)
                                                  ^^^^^^^^^^^^^^^^^^^^^
  File "/home/doesburg/Dropbox/03_marl_code/PredPreyGrass/.conda/lib/python3.11/site-packages/supersuit/vector/concat_vec_env.py", line 84, in step
    venv.step(
  File "/home/doesburg/Dropbox/03_marl_code/PredPreyGrass/.conda/lib/python3.11/site-packages/supersuit/vector/markov_vector_wrapper.py", line 70, in step
    observations, rewards, terms, truncs, infos = self.par_env.step(act_dict)
                                                  ^^^^^^^^^^^^^^^^^^^^^^^^^^^
  File "/home/doesburg/Dropbox/03_marl_code/PredPreyGrass/.conda/lib/python3.11/site-packages/pettingzoo/utils/conversions.py", line 207, in step
    self.aec_env.step(actions[agent])
  File "/home/doesburg/Dropbox/03_marl_code/PredPreyGrass/pettingzoo/predpreygrass/environments/predpreygrass_variable_energy_transfer_12_test.py", line 1429, in step
  File "/home/doesburg/Dropbox/03_marl_code/PredPreyGrass/pettingzoo/predpreygrass/environments/predpreygrass_variable_energy_transfer_12_test.py", line 470, in step
  File "/home/doesburg/Dropbox/03_marl_code/PredPreyGrass/pettingzoo/predpreygrass/environments/predpreygrass_variable_energy_transfer_12_test.py", line 591, in predator_catches_prey_records
    print("self.agent_instance_in_grid_location[self.grass_type_nr][(x, y)] ",self.agent_instance_in_grid_location[self.grass_type_nr][(x, y)])
                                         ^^^^^^^^^^^^^^^^^^^^^^^^^^^^^^^^
AttributeError: 'NoneType' object has no attribute 'agent_name'

Evaluation failed: 'NoneType' object has no attribute 'agent_name'
[W 2024-05-24 08:17:15,201] Trial 64 failed with parameters: {'n_steps': 2790, 'batch_size': 256, 'gamma': 0.9067213263412726, 'learning_rate': 0.01235084086650742, 'ent_coef': 8.199443432910114e-07, 'clip_range': 0.22110456600286393} because of the following error: The value None could not be cast to float..
[W 2024-05-24 08:17:15,202] Trial 64 failed with value None.
Eval num_timesteps=336000, episode_reward=6.00 +/- 8.00
Episode length: 50.00 +/- 0.00
New best mean reward!
Eval num_timesteps=672000, episode_reward=0.00 +/- 0.00
Episode length: 35.00 +/- 0.00
Eval num_timesteps=1008000, episode_reward=162.00 +/- 74.14
Episode length: 580.00 +/- 0.00
New best mean reward!
Eval num_timesteps=1344000, episode_reward=484.00 +/- 46.73
Episode length: 1612.00 +/- 0.00
New best mean reward!
Eval num_timesteps=1680000, episode_reward=182.00 +/- 20.40
Episode length: 490.00 +/- 0.00
[I 2024-05-24 08:23:39,068] Trial 65 finished with value: 230.0 and parameters: {'n_steps': 2791, 'batch_size': 256, 'gamma': 0.9045842906376345, 'learning_rate': 0.019063552859841272, 'ent_coef': 9.77560223908795e-07, 'clip_range': 0.3982692172361475}. Best is trial 33 with value: 669.0.
Eval num_timesteps=336000, episode_reward=2.00 +/- 4.00
Episode length: 18.00 +/- 0.00
New best mean reward!
Eval num_timesteps=672000, episode_reward=2.00 +/- 4.00
Episode length: 51.00 +/- 0.00
Eval num_timesteps=1008000, episode_reward=6.00 +/- 4.90
Episode length: 35.00 +/- 0.00
New best mean reward!
Eval num_timesteps=1344000, episode_reward=0.00 +/- 0.00
Episode length: 35.00 +/- 0.00
Eval num_timesteps=1680000, episode_reward=10.00 +/- 6.32
Episode length: 48.00 +/- 0.00
New best mean reward!
[I 2024-05-24 08:28:48,942] Trial 66 finished with value: 5.0 and parameters: {'n_steps': 2801, 'batch_size': 256, 'gamma': 0.903587609111504, 'learning_rate': 0.029911017286255327, 'ent_coef': 7.641502810438202e-06, 'clip_range': 0.39391917319787184}. Best is trial 33 with value: 669.0.
Eval num_timesteps=336000, episode_reward=2.00 +/- 4.00
Episode length: 43.00 +/- 0.00
New best mean reward!
Eval num_timesteps=672000, episode_reward=0.00 +/- 0.00
Episode length: 18.00 +/- 0.00
Eval num_timesteps=1008000, episode_reward=82.00 +/- 24.82
Episode length: 187.00 +/- 0.00
New best mean reward!
Eval num_timesteps=1344000, episode_reward=22.00 +/- 11.66
Episode length: 78.00 +/- 0.00
Eval num_timesteps=1680000, episode_reward=18.00 +/- 22.27
Episode length: 71.00 +/- 0.00
[I 2024-05-24 08:33:40,843] Trial 67 finished with value: 18.0 and parameters: {'n_steps': 2581, 'batch_size': 256, 'gamma': 0.8786817466486507, 'learning_rate': 0.012821408272219129, 'ent_coef': 8.968138462744532e-07, 'clip_range': 0.35908963979734254}. Best is trial 33 with value: 669.0.
Eval num_timesteps=336000, episode_reward=0.00 +/- 0.00
Episode length: 35.00 +/- 0.00
New best mean reward!
Eval num_timesteps=672000, episode_reward=0.00 +/- 0.00
Episode length: 53.00 +/- 0.00
Eval num_timesteps=1008000, episode_reward=18.00 +/- 7.48
Episode length: 101.00 +/- 0.00
New best mean reward!
Eval num_timesteps=1344000, episode_reward=2.00 +/- 4.00
Episode length: 43.00 +/- 0.00
Eval num_timesteps=1680000, episode_reward=22.00 +/- 17.20
Episode length: 129.00 +/- 0.00
New best mean reward!
[I 2024-05-24 08:38:47,572] Trial 68 finished with value: 87.0 and parameters: {'n_steps': 2708, 'batch_size': 256, 'gamma': 0.8690844010070419, 'learning_rate': 0.022072144200528224, 'ent_coef': 1.6836812818817282e-07, 'clip_range': 0.33612151851498634}. Best is trial 33 with value: 669.0.
Eval num_timesteps=336000, episode_reward=2.00 +/- 4.00
Episode length: 34.00 +/- 0.00
New best mean reward!
Eval num_timesteps=672000, episode_reward=8.00 +/- 7.48
Episode length: 35.00 +/- 0.00
New best mean reward!
Eval num_timesteps=1008000, episode_reward=0.00 +/- 0.00
Episode length: 18.00 +/- 0.00
Eval num_timesteps=1344000, episode_reward=0.00 +/- 0.00
Episode length: 35.00 +/- 0.00
[I 2024-05-24 08:44:30,036] Trial 69 finished with value: 0.0 and parameters: {'n_steps': 2484, 'batch_size': 256, 'gamma': 0.9105970535132201, 'learning_rate': 0.06302180804328185, 'ent_coef': 3.629220060515948e-07, 'clip_range': 0.37687274898678036}. Best is trial 33 with value: 669.0.
Eval num_timesteps=336000, episode_reward=4.00 +/- 4.90
Episode length: 35.00 +/- 0.00
New best mean reward!
Eval num_timesteps=672000, episode_reward=2.00 +/- 4.00
Episode length: 34.00 +/- 0.00
[I 2024-05-24 08:56:43,087] Trial 70 finished with value: 735.0 and parameters: {'n_steps': 2991, 'batch_size': 32, 'gamma': 0.9490290020658139, 'learning_rate': 0.004250116067482504, 'ent_coef': 1.3269731317349482e-05, 'clip_range': 0.360807938014153}. Best is trial 70 with value: 735.0.
Eval num_timesteps=336000, episode_reward=2.00 +/- 4.00
Episode length: 52.00 +/- 0.00
New best mean reward!
Eval num_timesteps=672000, episode_reward=4.00 +/- 4.90
Episode length: 34.00 +/- 0.00
New best mean reward!
[I 2024-05-24 09:04:06,335] Trial 71 finished with value: 385.0 and parameters: {'n_steps': 2989, 'batch_size': 64, 'gamma': 0.9513542783737373, 'learning_rate': 0.004337923719700043, 'ent_coef': 1.533555883721592e-05, 'clip_range': 0.3641390535110134}. Best is trial 70 with value: 735.0.
Eval num_timesteps=336000, episode_reward=2.00 +/- 4.00
Episode length: 59.00 +/- 0.00
New best mean reward!
Eval num_timesteps=672000, episode_reward=6.00 +/- 8.00
Episode length: 74.00 +/- 0.00
New best mean reward!
Eval num_timesteps=1008000, episode_reward=0.00 +/- 0.00
Episode length: 46.00 +/- 0.00
[I 2024-05-24 09:11:16,240] Trial 72 finished with value: 44.0 and parameters: {'n_steps': 3193, 'batch_size': 64, 'gamma': 0.948369184030805, 'learning_rate': 0.0035540839968050773, 'ent_coef': 1.6926869985317172e-05, 'clip_range': 0.36580799698482636}. Best is trial 70 with value: 735.0.
Eval num_timesteps=336000, episode_reward=6.00 +/- 4.90
Episode length: 46.00 +/- 0.00
New best mean reward!
Eval num_timesteps=672000, episode_reward=10.00 +/- 6.32
Episode length: 51.00 +/- 0.00
New best mean reward!
Eval num_timesteps=1008000, episode_reward=2.00 +/- 4.00
Episode length: 51.00 +/- 0.00
[I 2024-05-24 09:19:12,216] Trial 73 finished with value: 396.0 and parameters: {'n_steps': 3328, 'batch_size': 64, 'gamma': 0.936322606966122, 'learning_rate': 0.0019000939553505715, 'ent_coef': 4.266591809820074e-05, 'clip_range': 0.3471930533849949}. Best is trial 70 with value: 735.0.
Eval num_timesteps=336000, episode_reward=0.00 +/- 0.00
Episode length: 35.00 +/- 0.00
New best mean reward!
Eval num_timesteps=672000, episode_reward=0.00 +/- 0.00
Episode length: 34.00 +/- 0.00
MAJOR ERROR
State model nonzero prey:  2.8500000000000076
(x,y): ( 6 , 5 )
Traceback (most recent call last):
  File "/home/doesburg/Dropbox/03_marl_code/PredPreyGrass/.conda/lib/python3.11/site-packages/supersuit/vector/multiproc_vec.py", line 91, in async_loop
    observations, rewards, terms, truncs, infos = vec_env.step(actions)
                                                  ^^^^^^^^^^^^^^^^^^^^^
  File "/home/doesburg/Dropbox/03_marl_code/PredPreyGrass/.conda/lib/python3.11/site-packages/supersuit/vector/concat_vec_env.py", line 84, in step
    venv.step(
  File "/home/doesburg/Dropbox/03_marl_code/PredPreyGrass/.conda/lib/python3.11/site-packages/supersuit/vector/markov_vector_wrapper.py", line 70, in step
    observations, rewards, terms, truncs, infos = self.par_env.step(act_dict)
                                                  ^^^^^^^^^^^^^^^^^^^^^^^^^^^
  File "/home/doesburg/Dropbox/03_marl_code/PredPreyGrass/.conda/lib/python3.11/site-packages/pettingzoo/utils/conversions.py", line 207, in step
    self.aec_env.step(actions[agent])
  File "/home/doesburg/Dropbox/03_marl_code/PredPreyGrass/pettingzoo/predpreygrass/environments/predpreygrass_variable_energy_transfer_12_test.py", line 1429, in step
  File "/home/doesburg/Dropbox/03_marl_code/PredPreyGrass/pettingzoo/predpreygrass/environments/predpreygrass_variable_energy_transfer_12_test.py", line 470, in step
  File "/home/doesburg/Dropbox/03_marl_code/PredPreyGrass/pettingzoo/predpreygrass/environments/predpreygrass_variable_energy_transfer_12_test.py", line 591, in predator_catches_prey_records
    print("self.agent_instance_in_grid_location[self.grass_type_nr][(x, y)] ",self.agent_instance_in_grid_location[self.grass_type_nr][(x, y)])
                                         ^^^^^^^^^^^^^^^^^^^^^^^^^^^^^^^^
AttributeError: 'NoneType' object has no attribute 'agent_name'

Training failed: 'NoneType' object has no attribute 'agent_name'
[W 2024-05-24 09:19:57,261] Trial 74 failed with parameters: {'n_steps': 2999, 'batch_size': 64, 'gamma': 0.924342526159384, 'learning_rate': 0.0020290391010481133, 'ent_coef': 5.9475930539851265e-05, 'clip_range': 0.3468435708131043} because of the following error: The value None could not be cast to float..
[W 2024-05-24 09:19:57,261] Trial 74 failed with value None.
Eval num_timesteps=336000, episode_reward=8.00 +/- 7.48
Episode length: 31.00 +/- 0.00
New best mean reward!
Eval num_timesteps=672000, episode_reward=0.00 +/- 0.00
Episode length: 35.00 +/- 0.00
Eval num_timesteps=1008000, episode_reward=2.00 +/- 4.00
Episode length: 35.00 +/- 0.00
[I 2024-05-24 09:32:16,328] Trial 75 finished with value: 3259.0 and parameters: {'n_steps': 3322, 'batch_size': 64, 'gamma': 0.9380536705276602, 'learning_rate': 0.001848071372611125, 'ent_coef': 5.459115508153335e-05, 'clip_range': 0.3462312313824111}. Best is trial 75 with value: 3259.0.
Eval num_timesteps=336000, episode_reward=0.00 +/- 0.00
Episode length: 35.00 +/- 0.00
New best mean reward!
Eval num_timesteps=672000, episode_reward=0.00 +/- 0.00
Episode length: 18.00 +/- 0.00
Eval num_timesteps=1008000, episode_reward=0.00 +/- 0.00
Episode length: 18.00 +/- 0.00
[I 2024-05-24 09:40:48,346] Trial 76 finished with value: 12.0 and parameters: {'n_steps': 3391, 'batch_size': 64, 'gamma': 0.9368444287204809, 'learning_rate': 0.0017888836512134194, 'ent_coef': 4.540137800384627e-05, 'clip_range': 0.3395872371247652}. Best is trial 75 with value: 3259.0.
Eval num_timesteps=336000, episode_reward=6.00 +/- 4.90
Episode length: 33.00 +/- 0.00
New best mean reward!
Eval num_timesteps=672000, episode_reward=8.00 +/- 7.48
Episode length: 79.00 +/- 0.00
New best mean reward!
Eval num_timesteps=1008000, episode_reward=6.00 +/- 4.90
Episode length: 34.00 +/- 0.00
[I 2024-05-24 09:49:30,678] Trial 77 finished with value: 29.0 and parameters: {'n_steps': 3421, 'batch_size': 64, 'gamma': 0.923442040614974, 'learning_rate': 0.005143111232134486, 'ent_coef': 0.00014303794283503579, 'clip_range': 0.3239922445621932}. Best is trial 75 with value: 3259.0.
Eval num_timesteps=336000, episode_reward=0.00 +/- 0.00
Episode length: 18.00 +/- 0.00
New best mean reward!
Eval num_timesteps=672000, episode_reward=0.00 +/- 0.00
Episode length: 18.00 +/- 0.00
Eval num_timesteps=1008000, episode_reward=0.00 +/- 0.00
Episode length: 37.00 +/- 0.00
[I 2024-05-24 09:57:27,354] Trial 78 finished with value: 332.0 and parameters: {'n_steps': 3108, 'batch_size': 64, 'gamma': 0.9482430561968007, 'learning_rate': 0.001169450579163537, 'ent_coef': 4.238728982718815e-05, 'clip_range': 0.35144478372802757}. Best is trial 75 with value: 3259.0.
Eval num_timesteps=336000, episode_reward=6.00 +/- 4.90
Episode length: 35.00 +/- 0.00
New best mean reward!
Eval num_timesteps=672000, episode_reward=0.00 +/- 0.00
Episode length: 18.00 +/- 0.00
Eval num_timesteps=1008000, episode_reward=6.00 +/- 4.90
Episode length: 35.00 +/- 0.00
[I 2024-05-24 10:05:56,025] Trial 79 finished with value: 7.0 and parameters: {'n_steps': 3507, 'batch_size': 64, 'gamma': 0.9376506555649479, 'learning_rate': 0.011351888576427074, 'ent_coef': 1.3585855134837557e-05, 'clip_range': 0.3064247382300621}. Best is trial 75 with value: 3259.0.
Eval num_timesteps=336000, episode_reward=2.00 +/- 4.00
Episode length: 35.00 +/- 0.00
New best mean reward!
Eval num_timesteps=672000, episode_reward=2.00 +/- 4.00
Episode length: 36.00 +/- 0.00
Eval num_timesteps=1008000, episode_reward=0.00 +/- 0.00
Episode length: 34.00 +/- 0.00
[I 2024-05-24 10:13:54,345] Trial 80 finished with value: 46.0 and parameters: {'n_steps': 3280, 'batch_size': 64, 'gamma': 0.9553511993380666, 'learning_rate': 0.004007447764058784, 'ent_coef': 0.00028351495498125847, 'clip_range': 0.34579050759329283}. Best is trial 75 with value: 3259.0.
Eval num_timesteps=336000, episode_reward=6.00 +/- 4.90
Episode length: 35.00 +/- 0.00
New best mean reward!
Eval num_timesteps=672000, episode_reward=0.00 +/- 0.00
Episode length: 18.00 +/- 0.00
[I 2024-05-24 10:21:24,431] Trial 81 finished with value: 60.0 and parameters: {'n_steps': 2989, 'batch_size': 64, 'gamma': 0.9142426820688995, 'learning_rate': 0.0023403317434098642, 'ent_coef': 7.282236116339117e-05, 'clip_range': 0.367954667453259}. Best is trial 75 with value: 3259.0.
Eval num_timesteps=336000, episode_reward=2.00 +/- 4.00
Episode length: 35.00 +/- 0.00
New best mean reward!
Eval num_timesteps=672000, episode_reward=12.00 +/- 9.80
Episode length: 43.00 +/- 0.00
New best mean reward!
Eval num_timesteps=1008000, episode_reward=6.00 +/- 8.00
Episode length: 65.00 +/- 0.00
Eval num_timesteps=1344000, episode_reward=58.00 +/- 29.26
Episode length: 349.00 +/- 0.00
New best mean reward!
Eval num_timesteps=1680000, episode_reward=10.00 +/- 10.95
Episode length: 67.00 +/- 0.00
[I 2024-05-24 10:36:42,096] Trial 82 finished with value: 69.0 and parameters: {'n_steps': 2889, 'batch_size': 64, 'gamma': 0.926410448111639, 'learning_rate': 0.0073447504259879955, 'ent_coef': 4.922939689187504e-06, 'clip_range': 0.3847750961839329}. Best is trial 75 with value: 3259.0.
Eval num_timesteps=336000, episode_reward=4.00 +/- 4.90
Episode length: 42.00 +/- 0.00
New best mean reward!
Eval num_timesteps=672000, episode_reward=6.00 +/- 4.90
Episode length: 18.00 +/- 0.00
New best mean reward!
Eval num_timesteps=1008000, episode_reward=8.00 +/- 7.48
Episode length: 35.00 +/- 0.00
New best mean reward!
[I 2024-05-24 10:45:51,677] Trial 83 finished with value: 72.0 and parameters: {'n_steps': 3144, 'batch_size': 64, 'gamma': 0.9342106306759934, 'learning_rate': 0.0006913466627768666, 'ent_coef': 1.8401723811182674e-05, 'clip_range': 0.3541149332094787}. Best is trial 75 with value: 3259.0.
Eval num_timesteps=336000, episode_reward=0.00 +/- 0.00
Episode length: 18.00 +/- 0.00
New best mean reward!
Eval num_timesteps=672000, episode_reward=4.00 +/- 4.90
Episode length: 33.00 +/- 0.00
New best mean reward!
Eval num_timesteps=1008000, episode_reward=0.00 +/- 0.00
Episode length: 18.00 +/- 0.00
[I 2024-05-24 10:53:31,846] Trial 84 finished with value: 11.0 and parameters: {'n_steps': 3247, 'batch_size': 64, 'gamma': 0.9438986008413649, 'learning_rate': 0.0015706549062943103, 'ent_coef': 0.0021167076547292905, 'clip_range': 0.31156461009523856}. Best is trial 75 with value: 3259.0.
Eval num_timesteps=336000, episode_reward=0.00 +/- 0.00
Episode length: 39.00 +/- 0.00
New best mean reward!
Eval num_timesteps=672000, episode_reward=2.00 +/- 4.00
Episode length: 51.00 +/- 0.00
New best mean reward!
Eval num_timesteps=1008000, episode_reward=2.00 +/- 4.00
Episode length: 43.00 +/- 0.00
