Eval num_timesteps=1008000, episode_reward=0.00 +/- 0.00
Episode length: 33.00 +/- 0.00
Eval num_timesteps=1344000, episode_reward=0.00 +/- 0.00
Episode length: 18.00 +/- 0.00
Eval num_timesteps=1680000, episode_reward=0.00 +/- 0.00
Episode length: 18.00 +/- 0.00
[I 2024-05-24 03:04:53,873] Trial 39 finished with value: 0.0 and parameters: {'n_steps': 2805, 'batch_size': 32, 'gamma': 0.816721317353958, 'learning_rate': 0.009458379031807431, 'ent_coef': 2.1171047901384187e-07, 'clip_range': 0.24940061423499293}. Best is trial 33 with value: 669.0.
Eval num_timesteps=336000, episode_reward=4.00 +/- 4.90
Episode length: 35.00 +/- 0.00
New best mean reward!
Eval num_timesteps=672000, episode_reward=4.00 +/- 4.90
Episode length: 18.00 +/- 0.00
Eval num_timesteps=1008000, episode_reward=6.00 +/- 4.90
Episode length: 42.00 +/- 0.00
New best mean reward!
Eval num_timesteps=1344000, episode_reward=12.00 +/- 7.48
Episode length: 56.00 +/- 0.00
New best mean reward!
[I 2024-05-24 03:18:50,679] Trial 40 finished with value: 3.0 and parameters: {'n_steps': 2465, 'batch_size': 64, 'gamma': 0.888723280189157, 'learning_rate': 0.3594138281355754, 'ent_coef': 3.651442817451828e-06, 'clip_range': 0.23125740799993977}. Best is trial 33 with value: 669.0.
Eval num_timesteps=336000, episode_reward=6.00 +/- 12.00
Episode length: 59.00 +/- 0.00
New best mean reward!
Eval num_timesteps=672000, episode_reward=12.00 +/- 11.66
Episode length: 50.00 +/- 0.00
New best mean reward!
Eval num_timesteps=1008000, episode_reward=12.00 +/- 4.00
Episode length: 62.00 +/- 0.00
Eval num_timesteps=1344000, episode_reward=230.00 +/- 86.72
Episode length: 734.00 +/- 0.00
New best mean reward!
Eval num_timesteps=1680000, episode_reward=652.00 +/- 72.50
Episode length: 2557.00 +/- 0.00
New best mean reward!
MAJOR ERROR
State model nonzero prey:  2.8500000000000183
(x,y): ( 0 , 8 )
Traceback (most recent call last):
  File "/home/doesburg/Dropbox/03_marl_code/PredPreyGrass/.conda/lib/python3.11/site-packages/supersuit/vector/multiproc_vec.py", line 91, in async_loop
    observations, rewards, terms, truncs, infos = vec_env.step(actions)
                                                  ^^^^^^^^^^^^^^^^^^^^^
  File "/home/doesburg/Dropbox/03_marl_code/PredPreyGrass/.conda/lib/python3.11/site-packages/supersuit/vector/concat_vec_env.py", line 84, in step
    venv.step(
  File "/home/doesburg/Dropbox/03_marl_code/PredPreyGrass/.conda/lib/python3.11/site-packages/supersuit/vector/markov_vector_wrapper.py", line 70, in step
    observations, rewards, terms, truncs, infos = self.par_env.step(act_dict)
                                                  ^^^^^^^^^^^^^^^^^^^^^^^^^^^
  File "/home/doesburg/Dropbox/03_marl_code/PredPreyGrass/.conda/lib/python3.11/site-packages/pettingzoo/utils/conversions.py", line 207, in step
    self.aec_env.step(actions[agent])
  File "/home/doesburg/Dropbox/03_marl_code/PredPreyGrass/pettingzoo/predpreygrass/environments/predpreygrass_variable_energy_transfer_12_test.py", line 1429, in step
    return self.pred_prey_env.render()
  File "/home/doesburg/Dropbox/03_marl_code/PredPreyGrass/pettingzoo/predpreygrass/environments/predpreygrass_variable_energy_transfer_12_test.py", line 470, in step
  File "/home/doesburg/Dropbox/03_marl_code/PredPreyGrass/pettingzoo/predpreygrass/environments/predpreygrass_variable_energy_transfer_12_test.py", line 591, in predator_catches_prey_records
    agent_instance.position[1],
                                
AttributeError: 'NoneType' object has no attribute 'agent_name'

Evaluation failed: 'NoneType' object has no attribute 'agent_name'
[W 2024-05-24 03:41:40,926] Trial 41 failed with parameters: {'n_steps': 2547, 'batch_size': 32, 'gamma': 0.9824009630435242, 'learning_rate': 0.0013270642793013268, 'ent_coef': 2.4648929203059637e-08, 'clip_range': 0.17207998659304002} because of the following error: The value None could not be cast to float..
[W 2024-05-24 03:41:40,927] Trial 41 failed with value None.
Eval num_timesteps=336000, episode_reward=0.00 +/- 0.00
Episode length: 33.00 +/- 0.00
New best mean reward!
Eval num_timesteps=672000, episode_reward=2.00 +/- 4.00
Episode length: 34.00 +/- 0.00
New best mean reward!
Eval num_timesteps=1008000, episode_reward=64.00 +/- 27.28
Episode length: 260.00 +/- 0.00
New best mean reward!
Eval num_timesteps=1344000, episode_reward=36.00 +/- 16.25
Episode length: 95.00 +/- 0.00
Eval num_timesteps=1680000, episode_reward=8.00 +/- 4.00
Episode length: 65.00 +/- 0.00
[I 2024-05-24 04:05:45,983] Trial 42 finished with value: 47.0 and parameters: {'n_steps': 2545, 'batch_size': 32, 'gamma': 0.9824969956366445, 'learning_rate': 0.0003587032273306546, 'ent_coef': 1.282954805027341e-08, 'clip_range': 0.16900460814200274}. Best is trial 33 with value: 669.0.
Eval num_timesteps=336000, episode_reward=2.00 +/- 4.00
Episode length: 34.00 +/- 0.00
New best mean reward!
Eval num_timesteps=672000, episode_reward=0.00 +/- 0.00
Episode length: 48.00 +/- 0.00
Eval num_timesteps=1008000, episode_reward=0.00 +/- 0.00
Episode length: 18.00 +/- 0.00
Eval num_timesteps=1344000, episode_reward=4.00 +/- 4.90
Episode length: 35.00 +/- 0.00
New best mean reward!
[I 2024-05-24 04:24:09,549] Trial 43 finished with value: 43.0 and parameters: {'n_steps': 2285, 'batch_size': 32, 'gamma': 0.9802590041567733, 'learning_rate': 0.0014029699065143959, 'ent_coef': 1.133117571236017e-08, 'clip_range': 0.13212663682480685}. Best is trial 33 with value: 669.0.
Eval num_timesteps=336000, episode_reward=0.00 +/- 0.00
Episode length: 35.00 +/- 0.00
New best mean reward!
Eval num_timesteps=672000, episode_reward=4.00 +/- 4.90
Episode length: 47.00 +/- 0.00
New best mean reward!
Eval num_timesteps=1008000, episode_reward=106.00 +/- 23.32
Episode length: 258.00 +/- 0.00
New best mean reward!
Eval num_timesteps=1344000, episode_reward=20.00 +/- 6.32
Episode length: 63.00 +/- 0.00
Eval num_timesteps=1680000, episode_reward=26.00 +/- 13.56
Episode length: 59.00 +/- 0.00
[I 2024-05-24 04:43:41,160] Trial 44 finished with value: 243.0 and parameters: {'n_steps': 2549, 'batch_size': 32, 'gamma': 0.9647189034733695, 'learning_rate': 0.00010787871317882533, 'ent_coef': 3.1057442778251966e-08, 'clip_range': 0.1551927603205176}. Best is trial 33 with value: 669.0.
Eval num_timesteps=336000, episode_reward=0.00 +/- 0.00
Episode length: 18.00 +/- 0.00
New best mean reward!
Eval num_timesteps=672000, episode_reward=0.00 +/- 0.00
Episode length: 18.00 +/- 0.00
Eval num_timesteps=1008000, episode_reward=874.00 +/- 79.15
Episode length: 2341.00 +/- 0.00
New best mean reward!
Eval num_timesteps=1344000, episode_reward=68.00 +/- 19.39
Episode length: 257.00 +/- 0.00
[I 2024-05-24 05:00:12,433] Trial 45 finished with value: 30.0 and parameters: {'n_steps': 2057, 'batch_size': 32, 'gamma': 0.9658300616748191, 'learning_rate': 4.2976563108895325e-05, 'ent_coef': 3.744445007827053e-08, 'clip_range': 0.14860252020143808}. Best is trial 33 with value: 669.0.
Eval num_timesteps=336000, episode_reward=0.00 +/- 0.00
Episode length: 34.00 +/- 0.00
New best mean reward!
Eval num_timesteps=672000, episode_reward=0.00 +/- 0.00
Episode length: 35.00 +/- 0.00
Eval num_timesteps=1008000, episode_reward=0.00 +/- 0.00
Episode length: 34.00 +/- 0.00
[I 2024-05-24 05:02:20,686] Trial 46 finished with value: 8.0 and parameters: {'n_steps': 3192, 'batch_size': 512, 'gamma': 0.9516342354320974, 'learning_rate': 9.744090614724296e-05, 'ent_coef': 6.224484241363693e-07, 'clip_range': 0.11556158833370032}. Best is trial 33 with value: 669.0.
Eval num_timesteps=336000, episode_reward=0.00 +/- 0.00
Episode length: 34.00 +/- 0.00
New best mean reward!
Eval num_timesteps=672000, episode_reward=0.00 +/- 0.00
Episode length: 35.00 +/- 0.00
Eval num_timesteps=1008000, episode_reward=18.00 +/- 16.00
Episode length: 45.00 +/- 0.00
New best mean reward!
Eval num_timesteps=1344000, episode_reward=88.00 +/- 17.20
Episode length: 327.00 +/- 0.00
New best mean reward!
Eval num_timesteps=1680000, episode_reward=50.00 +/- 18.97
Episode length: 262.00 +/- 0.00
[I 2024-05-24 05:10:23,586] Trial 47 finished with value: 7.0 and parameters: {'n_steps': 2845, 'batch_size': 128, 'gamma': 0.9867752281504899, 'learning_rate': 0.005053788981092976, 'ent_coef': 2.503928767925058e-08, 'clip_range': 0.20480321998755646}. Best is trial 33 with value: 669.0.
Eval num_timesteps=336000, episode_reward=2.00 +/- 4.00
Episode length: 34.00 +/- 0.00
New best mean reward!
Eval num_timesteps=672000, episode_reward=0.00 +/- 0.00
Episode length: 34.00 +/- 0.00
Eval num_timesteps=1008000, episode_reward=26.00 +/- 18.55
Episode length: 46.00 +/- 0.00
New best mean reward!
Eval num_timesteps=1344000, episode_reward=12.00 +/- 7.48
Episode length: 20.00 +/- 0.00
Eval num_timesteps=1680000, episode_reward=214.00 +/- 50.04
Episode length: 428.00 +/- 0.00
New best mean reward!
[I 2024-05-24 05:15:55,444] Trial 48 finished with value: 77.0 and parameters: {'n_steps': 2754, 'batch_size': 256, 'gamma': 0.9694247151666014, 'learning_rate': 0.00012513562198766018, 'ent_coef': 1.4822875799509115e-07, 'clip_range': 0.1839662470018903}. Best is trial 33 with value: 669.0.
Eval num_timesteps=336000, episode_reward=4.00 +/- 4.90
Episode length: 41.00 +/- 0.00
New best mean reward!
Eval num_timesteps=672000, episode_reward=2.00 +/- 4.00
Episode length: 18.00 +/- 0.00
Eval num_timesteps=1008000, episode_reward=90.00 +/- 20.98
Episode length: 206.00 +/- 0.00
New best mean reward!
Eval num_timesteps=1344000, episode_reward=72.00 +/- 21.35
Episode length: 192.00 +/- 0.00
[I 2024-05-24 05:33:47,010] Trial 49 finished with value: 10.0 and parameters: {'n_steps': 2363, 'batch_size': 32, 'gamma': 0.9307972537886988, 'learning_rate': 1.893792156141199e-05, 'ent_coef': 0.000508678882065869, 'clip_range': 0.21662087685787648}. Best is trial 33 with value: 669.0.
Eval num_timesteps=336000, episode_reward=4.00 +/- 4.90
Episode length: 33.00 +/- 0.00
New best mean reward!
Eval num_timesteps=672000, episode_reward=0.00 +/- 0.00
Episode length: 35.00 +/- 0.00
Eval num_timesteps=1008000, episode_reward=4.00 +/- 4.90
Episode length: 18.00 +/- 0.00
[I 2024-05-24 05:40:50,100] Trial 50 finished with value: 118.0 and parameters: {'n_steps': 3025, 'batch_size': 64, 'gamma': 0.9425633304802099, 'learning_rate': 0.000550088836160972, 'ent_coef': 2.5963866392724618e-05, 'clip_range': 0.3764361162967438}. Best is trial 33 with value: 669.0.
Eval num_timesteps=336000, episode_reward=6.00 +/- 4.90
Episode length: 58.00 +/- 0.00
New best mean reward!
Eval num_timesteps=672000, episode_reward=6.00 +/- 4.90
Episode length: 81.00 +/- 0.00
Eval num_timesteps=1008000, episode_reward=48.00 +/- 17.20
Episode length: 142.00 +/- 0.00
New best mean reward!
Eval num_timesteps=1344000, episode_reward=386.00 +/- 92.87
Episode length: 797.00 +/- 0.00
New best mean reward!
Eval num_timesteps=1680000, episode_reward=10.00 +/- 6.32
Episode length: 35.00 +/- 0.00
[I 2024-05-24 05:45:58,080] Trial 51 finished with value: 18.0 and parameters: {'n_steps': 2687, 'batch_size': 256, 'gamma': 0.958606839255432, 'learning_rate': 6.25428415128647e-05, 'ent_coef': 8.014672435066796e-05, 'clip_range': 0.25631375670266365}. Best is trial 33 with value: 669.0.
Eval num_timesteps=336000, episode_reward=6.00 +/- 8.00
Episode length: 43.00 +/- 0.00
New best mean reward!
Eval num_timesteps=672000, episode_reward=14.00 +/- 4.90
Episode length: 62.00 +/- 0.00
New best mean reward!
Eval num_timesteps=1008000, episode_reward=2.00 +/- 4.00
Episode length: 18.00 +/- 0.00
Eval num_timesteps=1344000, episode_reward=6.00 +/- 8.00
Episode length: 43.00 +/- 0.00
Eval num_timesteps=1680000, episode_reward=30.00 +/- 17.89
Episode length: 171.00 +/- 0.00
New best mean reward!
