[I 2024-05-24 06:05:06,446] Trial 52 finished with value: 24.0 and parameters: {'n_steps': 2536, 'batch_size': 32, 'gamma': 0.9944911354960129, 'learning_rate': 0.0011725395013809916, 'ent_coef': 2.2274325522841244e-08, 'clip_range': 0.1593917364522126}. Best is trial 33 with value: 669.0.
MAJOR ERROR
State model nonzero prey:  2.9500000000000073
(x,y): ( 8 , 3 )
Traceback (most recent call last):
  File "/home/doesburg/Dropbox/03_marl_code/PredPreyGrass/.conda/lib/python3.11/site-packages/supersuit/vector/multiproc_vec.py", line 91, in async_loop
    observations, rewards, terms, truncs, infos = vec_env.step(actions)
                                                  ^^^^^^^^^^^^^^^^^^^^^
  File "/home/doesburg/Dropbox/03_marl_code/PredPreyGrass/.conda/lib/python3.11/site-packages/supersuit/vector/concat_vec_env.py", line 84, in step
    venv.step(
  File "/home/doesburg/Dropbox/03_marl_code/PredPreyGrass/.conda/lib/python3.11/site-packages/supersuit/vector/markov_vector_wrapper.py", line 70, in step
    observations, rewards, terms, truncs, infos = self.par_env.step(act_dict)
                                                  ^^^^^^^^^^^^^^^^^^^^^^^^^^^
  File "/home/doesburg/Dropbox/03_marl_code/PredPreyGrass/.conda/lib/python3.11/site-packages/pettingzoo/utils/conversions.py", line 207, in step
    self.aec_env.step(actions[agent])
  File "/home/doesburg/Dropbox/03_marl_code/PredPreyGrass/pettingzoo/predpreygrass/environments/predpreygrass_variable_energy_transfer_12_test.py", line 1429, in step
  File "/home/doesburg/Dropbox/03_marl_code/PredPreyGrass/pettingzoo/predpreygrass/environments/predpreygrass_variable_energy_transfer_12_test.py", line 470, in step
  File "/home/doesburg/Dropbox/03_marl_code/PredPreyGrass/pettingzoo/predpreygrass/environments/predpreygrass_variable_energy_transfer_12_test.py", line 591, in predator_catches_prey_records
    print("self.agent_instance_in_grid_location[self.grass_type_nr][(x, y)] ",self.agent_instance_in_grid_location[self.grass_type_nr][(x, y)])
                                         ^^^^^^^^^^^^^^^^^^^^^^^^^^^^^^^^
AttributeError: 'NoneType' object has no attribute 'agent_name'

Training failed: 'NoneType' object has no attribute 'agent_name'
[W 2024-05-24 06:05:25,154] Trial 53 failed with parameters: {'n_steps': 2442, 'batch_size': 32, 'gamma': 0.9744779623159403, 'learning_rate': 0.00019326557400975306, 'ent_coef': 6.569259221199748e-08, 'clip_range': 0.17547312305588383} because of the following error: The value None could not be cast to float..
[W 2024-05-24 06:05:25,154] Trial 53 failed with value None.
Exception ignored in: <function ProcConcatVec.__del__ at 0x7fe413a1f600>
Exception ignored in: <function ProcConcatVec.__del__ at 0x7fe413a1f600>
Traceback (most recent call last):
Traceback (most recent call last):
  File "/home/doesburg/Dropbox/03_marl_code/PredPreyGrass/.conda/lib/python3.11/site-packages/supersuit/vector/multiproc_vec.py", line 223, in __del__
  File "/home/doesburg/Dropbox/03_marl_code/PredPreyGrass/.conda/lib/python3.11/site-packages/supersuit/vector/multiproc_vec.py", line 223, in __del__
Exception ignored in: <function ProcConcatVec.__del__ at 0x7fe413a1f600>
Exception ignored in: <function ProcConcatVec.__del__ at 0x7fe413a1f600>
Traceback (most recent call last):
Exception ignored in: <function ProcConcatVec.__del__ at 0x7fe413a1f600>
Traceback (most recent call last):
Exception ignored in: <function ProcConcatVec.__del__ at 0x7fe413a1f600>
Exception ignored in: <function ProcConcatVec.__del__ at 0x7fe413a1f600>
Traceback (most recent call last):
Traceback (most recent call last):
  File "/home/doesburg/Dropbox/03_marl_code/PredPreyGrass/.conda/lib/python3.11/site-packages/supersuit/vector/multiproc_vec.py", line 223, in __del__
  File "/home/doesburg/Dropbox/03_marl_code/PredPreyGrass/.conda/lib/python3.11/site-packages/supersuit/vector/multiproc_vec.py", line 223, in __del__
Traceback (most recent call last):
  File "/home/doesburg/Dropbox/03_marl_code/PredPreyGrass/.conda/lib/python3.11/site-packages/supersuit/vector/multiproc_vec.py", line 223, in __del__
  File "/home/doesburg/Dropbox/03_marl_code/PredPreyGrass/.conda/lib/python3.11/site-packages/supersuit/vector/multiproc_vec.py", line 223, in __del__
Exception ignored in: <function ProcConcatVec.__del__ at 0x7fe413a1f600>
Traceback (most recent call last):
  File "/home/doesburg/Dropbox/03_marl_code/PredPreyGrass/.conda/lib/python3.11/site-packages/supersuit/vector/multiproc_vec.py", line 223, in __del__
  File "/home/doesburg/Dropbox/03_marl_code/PredPreyGrass/.conda/lib/python3.11/site-packages/supersuit/vector/multiproc_vec.py", line 223, in __del__
    self.close()
    self.close()
  File "/home/doesburg/Dropbox/03_marl_code/PredPreyGrass/.conda/lib/python3.11/site-packages/supersuit/vector/multiproc_vec.py", line 239, in close
  File "/home/doesburg/Dropbox/03_marl_code/PredPreyGrass/.conda/lib/python3.11/site-packages/supersuit/vector/multiproc_vec.py", line 239, in close
    self.close()
    self.close()
    self.close()
    self.close()
  File "/home/doesburg/Dropbox/03_marl_code/PredPreyGrass/.conda/lib/python3.11/site-packages/supersuit/vector/multiproc_vec.py", line 239, in close
  File "/home/doesburg/Dropbox/03_marl_code/PredPreyGrass/.conda/lib/python3.11/site-packages/supersuit/vector/multiproc_vec.py", line 239, in close
  File "/home/doesburg/Dropbox/03_marl_code/PredPreyGrass/.conda/lib/python3.11/site-packages/supersuit/vector/multiproc_vec.py", line 239, in close
    self.close()
  File "/home/doesburg/Dropbox/03_marl_code/PredPreyGrass/.conda/lib/python3.11/site-packages/supersuit/vector/multiproc_vec.py", line 239, in close
    if proc.is_alive():
    if proc.is_alive():
  File "/home/doesburg/Dropbox/03_marl_code/PredPreyGrass/.conda/lib/python3.11/site-packages/supersuit/vector/multiproc_vec.py", line 239, in close
    if proc.is_alive():
    if proc.is_alive():
    if proc.is_alive():
    if proc.is_alive():
    if proc.is_alive():
    self.close()
  File "/home/doesburg/Dropbox/03_marl_code/PredPreyGrass/.conda/lib/python3.11/site-packages/supersuit/vector/multiproc_vec.py", line 239, in close
    if proc.is_alive():
       ^^^^^^^^^^^^^^^
       ^^^^^^^^^^^^^^^
  File "/home/doesburg/Dropbox/03_marl_code/PredPreyGrass/.conda/lib/python3.11/multiprocessing/process.py", line 160, in is_alive
  File "/home/doesburg/Dropbox/03_marl_code/PredPreyGrass/.conda/lib/python3.11/multiprocessing/process.py", line 160, in is_alive
       ^^^^^^^^^^^^^^^
       ^^^^^^^^^^^^^^^
       ^^^^^^^^^^^^^^^
       ^^^^^^^^^^^^^^^
       ^^^^^^^^^^^^^^^
       ^^^^^^^^^^^^^^^
  File "/home/doesburg/Dropbox/03_marl_code/PredPreyGrass/.conda/lib/python3.11/multiprocessing/process.py", line 160, in is_alive
  File "/home/doesburg/Dropbox/03_marl_code/PredPreyGrass/.conda/lib/python3.11/multiprocessing/process.py", line 160, in is_alive
  File "/home/doesburg/Dropbox/03_marl_code/PredPreyGrass/.conda/lib/python3.11/multiprocessing/process.py", line 160, in is_alive
  File "/home/doesburg/Dropbox/03_marl_code/PredPreyGrass/.conda/lib/python3.11/multiprocessing/process.py", line 160, in is_alive
  File "/home/doesburg/Dropbox/03_marl_code/PredPreyGrass/.conda/lib/python3.11/multiprocessing/process.py", line 160, in is_alive
  File "/home/doesburg/Dropbox/03_marl_code/PredPreyGrass/.conda/lib/python3.11/multiprocessing/process.py", line 160, in is_alive
    assert self._parent_pid == os.getpid(), 'can only test a child process'
    assert self._parent_pid == os.getpid(), 'can only test a child process'
    assert self._parent_pid == os.getpid(), 'can only test a child process'
    assert self._parent_pid == os.getpid(), 'can only test a child process'
    assert self._parent_pid == os.getpid(), 'can only test a child process'
    assert self._parent_pid == os.getpid(), 'can only test a child process'
           ^^^^^^^^^^^^^^^^^^^^^^^^^^^^^^^
           ^^^^^^^^^^^^^^^^^^^^^^^^^^^^^^^
           ^^^^^^^^^^^^^^^^^^^^^^^^^^^^^^^
           ^^^^^^^^^^^^^^^^^^^^^^^^^^^^^^^
AssertionError: can only test a child process
AssertionError: can only test a child process
           ^^^^^^^^^^^^^^^^^^^^^^^^^^^^^^^
AssertionError: can only test a child process
           ^^^^^^^^^^^^^^^^^^^^^^^^^^^^^^^
AssertionError: can only test a child process
    assert self._parent_pid == os.getpid(), 'can only test a child process'
    assert self._parent_pid == os.getpid(), 'can only test a child process'
           ^^^^^^^^^^^^^^^^^^^^^^^^^^^^^^^
AssertionError: can only test a child process
           ^^^^^^^^^^^^^^^^^^^^^^^^^^^^^^^
AssertionError: can only test a child process
Exception ignored in: <function ProcConcatVec.__del__ at 0x7fe413a1f600>
Exception ignored in: <function ProcConcatVec.__del__ at 0x7fe413a1f600>
Traceback (most recent call last):
Traceback (most recent call last):
  File "/home/doesburg/Dropbox/03_marl_code/PredPreyGrass/.conda/lib/python3.11/site-packages/supersuit/vector/multiproc_vec.py", line 223, in __del__
  File "/home/doesburg/Dropbox/03_marl_code/PredPreyGrass/.conda/lib/python3.11/site-packages/supersuit/vector/multiproc_vec.py", line 223, in __del__
AssertionError: can only test a child process
Exception ignored in: <function ProcConcatVec.__del__ at 0x7fe413a1f600>
Traceback (most recent call last):
  File "/home/doesburg/Dropbox/03_marl_code/PredPreyGrass/.conda/lib/python3.11/site-packages/supersuit/vector/multiproc_vec.py", line 223, in __del__
Exception ignored in: <function ProcConcatVec.__del__ at 0x7fe413a1f600>
Traceback (most recent call last):
Exception ignored in: <function ProcConcatVec.__del__ at 0x7fe413a1f600>
  File "/home/doesburg/Dropbox/03_marl_code/PredPreyGrass/.conda/lib/python3.11/site-packages/supersuit/vector/multiproc_vec.py", line 223, in __del__
Traceback (most recent call last):
  File "/home/doesburg/Dropbox/03_marl_code/PredPreyGrass/.conda/lib/python3.11/site-packages/supersuit/vector/multiproc_vec.py", line 223, in __del__
    self.close()
Exception ignored in: <function ProcConcatVec.__del__ at 0x7fe413a1f600>
Traceback (most recent call last):
  File "/home/doesburg/Dropbox/03_marl_code/PredPreyGrass/.conda/lib/python3.11/site-packages/supersuit/vector/multiproc_vec.py", line 223, in __del__
  File "/home/doesburg/Dropbox/03_marl_code/PredPreyGrass/.conda/lib/python3.11/site-packages/supersuit/vector/multiproc_vec.py", line 239, in close
    if proc.is_alive():
AssertionError: can only test a child process
    self.close()
    self.close()
       ^^^^^^^^^^^^^^^
  File "/home/doesburg/Dropbox/03_marl_code/PredPreyGrass/.conda/lib/python3.11/multiprocessing/process.py", line 160, in is_alive
  File "/home/doesburg/Dropbox/03_marl_code/PredPreyGrass/.conda/lib/python3.11/site-packages/supersuit/vector/multiproc_vec.py", line 239, in close
  File "/home/doesburg/Dropbox/03_marl_code/PredPreyGrass/.conda/lib/python3.11/site-packages/supersuit/vector/multiproc_vec.py", line 239, in close
    self.close()
  File "/home/doesburg/Dropbox/03_marl_code/PredPreyGrass/.conda/lib/python3.11/site-packages/supersuit/vector/multiproc_vec.py", line 239, in close
    assert self._parent_pid == os.getpid(), 'can only test a child process'
    if proc.is_alive():
    if proc.is_alive():
       ^^^^^^^^^^^^^^^
           ^^^^^^^^^^^^^^^^^^^^^^^^^^^^^^^
  File "/home/doesburg/Dropbox/03_marl_code/PredPreyGrass/.conda/lib/python3.11/multiprocessing/process.py", line 160, in is_alive
AssertionError: can only test a child process
       ^^^^^^^^^^^^^^^
  File "/home/doesburg/Dropbox/03_marl_code/PredPreyGrass/.conda/lib/python3.11/multiprocessing/process.py", line 160, in is_alive
    if proc.is_alive():
       ^^^^^^^^^^^^^^^
  File "/home/doesburg/Dropbox/03_marl_code/PredPreyGrass/.conda/lib/python3.11/multiprocessing/process.py", line 160, in is_alive
    assert self._parent_pid == os.getpid(), 'can only test a child process'
    assert self._parent_pid == os.getpid(), 'can only test a child process'
           ^^^^^^^^^^^^^^^^^^^^^^^^^^^^^^^
AssertionError: can only test a child process
           ^^^^^^^^^^^^^^^^^^^^^^^^^^^^^^^
AssertionError: can only test a child process
    assert self._parent_pid == os.getpid(), 'can only test a child process'
           ^^^^^^^^^^^^^^^^^^^^^^^^^^^^^^^
AssertionError: can only test a child process
Exception ignored in: <function ProcConcatVec.__del__ at 0x7fe413a1f600>
Exception ignored in: <function ProcConcatVec.__del__ at 0x7fe413a1f600>
Traceback (most recent call last):
Traceback (most recent call last):
  File "/home/doesburg/Dropbox/03_marl_code/PredPreyGrass/.conda/lib/python3.11/site-packages/supersuit/vector/multiproc_vec.py", line 223, in __del__
  File "/home/doesburg/Dropbox/03_marl_code/PredPreyGrass/.conda/lib/python3.11/site-packages/supersuit/vector/multiproc_vec.py", line 223, in __del__
    self.close()
    self.close()
  File "/home/doesburg/Dropbox/03_marl_code/PredPreyGrass/.conda/lib/python3.11/site-packages/supersuit/vector/multiproc_vec.py", line 239, in close
  File "/home/doesburg/Dropbox/03_marl_code/PredPreyGrass/.conda/lib/python3.11/site-packages/supersuit/vector/multiproc_vec.py", line 239, in close
    if proc.is_alive():
    if proc.is_alive():
       ^^^^^^^^^^^^^^^
       ^^^^^^^^^^^^^^^
  File "/home/doesburg/Dropbox/03_marl_code/PredPreyGrass/.conda/lib/python3.11/multiprocessing/process.py", line 160, in is_alive
  File "/home/doesburg/Dropbox/03_marl_code/PredPreyGrass/.conda/lib/python3.11/multiprocessing/process.py", line 160, in is_alive
    assert self._parent_pid == os.getpid(), 'can only test a child process'
    assert self._parent_pid == os.getpid(), 'can only test a child process'
           ^^^^^^^^^^^^^^^^^^^^^^^^^^^^^^^
           ^^^^^^^^^^^^^^^^^^^^^^^^^^^^^^^
AssertionError: can only test a child process
AssertionError: can only test a child process
    self.close()
    self.close()
  File "/home/doesburg/Dropbox/03_marl_code/PredPreyGrass/.conda/lib/python3.11/site-packages/supersuit/vector/multiproc_vec.py", line 239, in close
  File "/home/doesburg/Dropbox/03_marl_code/PredPreyGrass/.conda/lib/python3.11/site-packages/supersuit/vector/multiproc_vec.py", line 239, in close
    if proc.is_alive():
    if proc.is_alive():
       ^^^^^^^^^^^^^^^
  File "/home/doesburg/Dropbox/03_marl_code/PredPreyGrass/.conda/lib/python3.11/multiprocessing/process.py", line 160, in is_alive
       ^^^^^^^^^^^^^^^
  File "/home/doesburg/Dropbox/03_marl_code/PredPreyGrass/.conda/lib/python3.11/multiprocessing/process.py", line 160, in is_alive
    assert self._parent_pid == os.getpid(), 'can only test a child process'
           ^^^^^^^^^^^^^^^^^^^^^^^^^^^^^^^
AssertionError: can only test a child process
    assert self._parent_pid == os.getpid(), 'can only test a child process'
           ^^^^^^^^^^^^^^^^^^^^^^^^^^^^^^^
AssertionError: can only test a child process
Eval num_timesteps=336000, episode_reward=4.00 +/- 4.90
Episode length: 35.00 +/- 0.00
New best mean reward!
Eval num_timesteps=672000, episode_reward=2.00 +/- 4.00
Episode length: 35.00 +/- 0.00
Eval num_timesteps=1008000, episode_reward=132.00 +/- 23.15
Episode length: 260.00 +/- 0.00
New best mean reward!
Eval num_timesteps=1344000, episode_reward=22.00 +/- 11.66
Episode length: 96.00 +/- 0.00
[I 2024-05-24 06:24:27,223] Trial 54 finished with value: 210.0 and parameters: {'n_steps': 2448, 'batch_size': 32, 'gamma': 0.9743105051851008, 'learning_rate': 0.00020075203674353975, 'ent_coef': 1.0436368169115119e-08, 'clip_range': 0.16696345369425455}. Best is trial 33 with value: 669.0.
Eval num_timesteps=336000, episode_reward=0.00 +/- 0.00
Episode length: 43.00 +/- 0.00
New best mean reward!
Eval num_timesteps=672000, episode_reward=2.00 +/- 4.00
Episode length: 33.00 +/- 0.00
New best mean reward!
Eval num_timesteps=1008000, episode_reward=32.00 +/- 21.35
Episode length: 146.00 +/- 0.00
New best mean reward!
Eval num_timesteps=1344000, episode_reward=36.00 +/- 16.25
Episode length: 89.00 +/- 0.00
New best mean reward!
[I 2024-05-24 06:43:00,391] Trial 55 finished with value: 158.0 and parameters: {'n_steps': 2452, 'batch_size': 32, 'gamma': 0.9993868585393081, 'learning_rate': 0.00015386903652896974, 'ent_coef': 6.514508939691793e-08, 'clip_range': 0.13308226050048655}. Best is trial 33 with value: 669.0.
Eval num_timesteps=336000, episode_reward=2.00 +/- 4.00
Episode length: 34.00 +/- 0.00
New best mean reward!
Eval num_timesteps=672000, episode_reward=4.00 +/- 4.90
Episode length: 33.00 +/- 0.00
New best mean reward!
Eval num_timesteps=1008000, episode_reward=70.00 +/- 14.14
Episode length: 136.00 +/- 0.00
New best mean reward!
Eval num_timesteps=1344000, episode_reward=90.00 +/- 29.66
Episode length: 242.00 +/- 0.00
New best mean reward!
[I 2024-05-24 06:59:53,435] Trial 56 finished with value: 58.0 and parameters: {'n_steps': 2176, 'batch_size': 32, 'gamma': 0.9874889766559087, 'learning_rate': 0.0004920185901317107, 'ent_coef': 2.406559012797799e-08, 'clip_range': 0.17616082780021744}. Best is trial 33 with value: 669.0.
Eval num_timesteps=336000, episode_reward=0.00 +/- 0.00
Episode length: 38.00 +/- 0.00
New best mean reward!
Eval num_timesteps=672000, episode_reward=0.00 +/- 0.00
Episode length: 18.00 +/- 0.00
Eval num_timesteps=1008000, episode_reward=236.00 +/- 95.62
Episode length: 547.00 +/- 0.00
New best mean reward!
Eval num_timesteps=1344000, episode_reward=202.00 +/- 23.15
Episode length: 501.00 +/- 0.00
Eval num_timesteps=1680000, episode_reward=670.00 +/- 53.67
Episode length: 1338.00 +/- 0.00
New best mean reward!
[I 2024-05-24 07:08:02,761] Trial 57 finished with value: 78.0 and parameters: {'n_steps': 2639, 'batch_size': 128, 'gamma': 0.9709205966570418, 'learning_rate': 1.0113368877205045e-05, 'ent_coef': 9.385925063726438e-08, 'clip_range': 0.1930965262067277}. Best is trial 33 with value: 669.0.
Eval num_timesteps=336000, episode_reward=10.00 +/- 12.65
Episode length: 73.00 +/- 0.00
New best mean reward!
Eval num_timesteps=672000, episode_reward=16.00 +/- 8.00
Episode length: 79.00 +/- 0.00
New best mean reward!
Eval num_timesteps=1008000, episode_reward=46.00 +/- 8.00
Episode length: 114.00 +/- 0.00
New best mean reward!
Eval num_timesteps=1344000, episode_reward=32.00 +/- 11.66
Episode length: 75.00 +/- 0.00
MAJOR ERROR
State model nonzero prey:  4.750000000000001
(x,y): ( 12 , 8 )
Traceback (most recent call last):
  File "/home/doesburg/Dropbox/03_marl_code/PredPreyGrass/.conda/lib/python3.11/site-packages/supersuit/vector/multiproc_vec.py", line 91, in async_loop
    observations, rewards, terms, truncs, infos = vec_env.step(actions)
                                                  ^^^^^^^^^^^^^^^^^^^^^
  File "/home/doesburg/Dropbox/03_marl_code/PredPreyGrass/.conda/lib/python3.11/site-packages/supersuit/vector/concat_vec_env.py", line 84, in step
    venv.step(
  File "/home/doesburg/Dropbox/03_marl_code/PredPreyGrass/.conda/lib/python3.11/site-packages/supersuit/vector/markov_vector_wrapper.py", line 70, in step
    observations, rewards, terms, truncs, infos = self.par_env.step(act_dict)
                                                  ^^^^^^^^^^^^^^^^^^^^^^^^^^^
  File "/home/doesburg/Dropbox/03_marl_code/PredPreyGrass/.conda/lib/python3.11/site-packages/pettingzoo/utils/conversions.py", line 207, in step
    self.aec_env.step(actions[agent])
  File "/home/doesburg/Dropbox/03_marl_code/PredPreyGrass/pettingzoo/predpreygrass/environments/predpreygrass_variable_energy_transfer_12_test.py", line 1429, in step
  File "/home/doesburg/Dropbox/03_marl_code/PredPreyGrass/pettingzoo/predpreygrass/environments/predpreygrass_variable_energy_transfer_12_test.py", line 470, in step
  File "/home/doesburg/Dropbox/03_marl_code/PredPreyGrass/pettingzoo/predpreygrass/environments/predpreygrass_variable_energy_transfer_12_test.py", line 591, in predator_catches_prey_records
    print("self.agent_instance_in_grid_location[self.grass_type_nr][(x, y)] ",self.agent_instance_in_grid_location[self.grass_type_nr][(x, y)])
                                         ^^^^^^^^^^^^^^^^^^^^^^^^^^^^^^^^
AttributeError: 'NoneType' object has no attribute 'agent_name'

Training failed: 'NoneType' object has no attribute 'agent_name'
[W 2024-05-24 07:17:22,224] Trial 58 failed with parameters: {'n_steps': 2289, 'batch_size': 32, 'gamma': 0.8913217921758777, 'learning_rate': 0.00024948322398896024, 'ent_coef': 9.442209253748744e-07, 'clip_range': 0.23827116874392007} because of the following error: The value None could not be cast to float..
[W 2024-05-24 07:17:22,225] Trial 58 failed with value None.
Eval num_timesteps=336000, episode_reward=2.00 +/- 4.00
Episode length: 35.00 +/- 0.00
New best mean reward!
Eval num_timesteps=672000, episode_reward=2.00 +/- 4.00
Episode length: 35.00 +/- 0.00
Eval num_timesteps=1008000, episode_reward=170.00 +/- 51.77
Episode length: 405.00 +/- 0.00
New best mean reward!
Eval num_timesteps=1344000, episode_reward=346.00 +/- 59.53
Episode length: 845.00 +/- 0.00
New best mean reward!
[I 2024-05-24 07:35:35,291] Trial 59 finished with value: 8.0 and parameters: {'n_steps': 2279, 'batch_size': 32, 'gamma': 0.8598161349019972, 'learning_rate': 0.00020362747226636643, 'ent_coef': 3.02688349756174e-07, 'clip_range': 0.2045338453232854}. Best is trial 33 with value: 669.0.
Eval num_timesteps=336000, episode_reward=2.00 +/- 4.00
Episode length: 51.00 +/- 0.00
New best mean reward!
Eval num_timesteps=672000, episode_reward=6.00 +/- 4.90
Episode length: 18.00 +/- 0.00
New best mean reward!
Eval num_timesteps=1008000, episode_reward=0.00 +/- 0.00
Episode length: 18.00 +/- 0.00
