[I 2024-05-24 11:02:15,984] Trial 85 finished with value: 116.0 and parameters: {'n_steps': 3361, 'batch_size': 64, 'gamma': 0.9169576853732961, 'learning_rate': 0.0060583584051799805, 'ent_coef': 3.544862956627478e-05, 'clip_range': 0.3277409070353184}. Best is trial 75 with value: 3259.0.
Eval num_timesteps=336000, episode_reward=0.00 +/- 0.00
Episode length: 42.00 +/- 0.00
New best mean reward!
Eval num_timesteps=672000, episode_reward=8.00 +/- 7.48
Episode length: 59.00 +/- 0.00
New best mean reward!
Eval num_timesteps=1008000, episode_reward=4.00 +/- 4.90
Episode length: 39.00 +/- 0.00
[I 2024-05-24 11:06:53,488] Trial 86 finished with value: 156.0 and parameters: {'n_steps': 3062, 'batch_size': 128, 'gamma': 0.9456104212602997, 'learning_rate': 0.003072372953166507, 'ent_coef': 0.00014446897622514543, 'clip_range': 0.2942450345237285}. Best is trial 75 with value: 3259.0.
Eval num_timesteps=336000, episode_reward=2.00 +/- 4.00
Episode length: 18.00 +/- 0.00
New best mean reward!
Eval num_timesteps=672000, episode_reward=0.00 +/- 0.00
Episode length: 28.00 +/- 0.00
Eval num_timesteps=1008000, episode_reward=2.00 +/- 4.00
Episode length: 34.00 +/- 0.00
[I 2024-05-24 11:15:02,612] Trial 87 finished with value: 103.0 and parameters: {'n_steps': 3136, 'batch_size': 64, 'gamma': 0.9485956878934414, 'learning_rate': 0.0012004447368707432, 'ent_coef': 4.2009020736489664e-05, 'clip_range': 0.3502340549864949}. Best is trial 75 with value: 3259.0.
Eval num_timesteps=336000, episode_reward=10.00 +/- 6.32
Episode length: 53.00 +/- 0.00
New best mean reward!
Eval num_timesteps=672000, episode_reward=2.00 +/- 4.00
Episode length: 64.00 +/- 0.00
Eval num_timesteps=1008000, episode_reward=0.00 +/- 0.00
Episode length: 40.00 +/- 0.00
[I 2024-05-24 11:23:30,471] Trial 88 finished with value: 31.0 and parameters: {'n_steps': 3456, 'batch_size': 64, 'gamma': 0.8955451311650228, 'learning_rate': 0.0009049129131701952, 'ent_coef': 6.924852047792382e-06, 'clip_range': 0.34307307809280163}. Best is trial 75 with value: 3259.0.
Eval num_timesteps=336000, episode_reward=0.00 +/- 0.00
Episode length: 35.00 +/- 0.00
New best mean reward!
Eval num_timesteps=672000, episode_reward=12.00 +/- 9.80
Episode length: 43.00 +/- 0.00
New best mean reward!
Eval num_timesteps=1008000, episode_reward=2.00 +/- 4.00
Episode length: 33.00 +/- 0.00
[I 2024-05-24 11:33:09,954] Trial 89 finished with value: 135.0 and parameters: {'n_steps': 3697, 'batch_size': 64, 'gamma': 0.9531434125868083, 'learning_rate': 0.002252309331392182, 'ent_coef': 5.666402870649199e-05, 'clip_range': 0.3688112291113699}. Best is trial 75 with value: 3259.0.
Eval num_timesteps=336000, episode_reward=0.00 +/- 0.00
Episode length: 18.00 +/- 0.00
New best mean reward!
Eval num_timesteps=672000, episode_reward=4.00 +/- 8.00
Episode length: 48.00 +/- 0.00
New best mean reward!
Eval num_timesteps=1008000, episode_reward=30.00 +/- 10.95
Episode length: 69.00 +/- 0.00
New best mean reward!
Eval num_timesteps=1344000, episode_reward=108.00 +/- 7.48
Episode length: 282.00 +/- 0.00
New best mean reward!
Eval num_timesteps=1680000, episode_reward=142.00 +/- 31.87
Episode length: 258.00 +/- 0.00
New best mean reward!
[I 2024-05-24 11:47:19,181] Trial 90 finished with value: 12.0 and parameters: {'n_steps': 2956, 'batch_size': 64, 'gamma': 0.9599138052324099, 'learning_rate': 0.001011528017688036, 'ent_coef': 0.00010664857233372664, 'clip_range': 0.3870528905119388}. Best is trial 75 with value: 3259.0.
Eval num_timesteps=336000, episode_reward=2.00 +/- 4.00
Episode length: 34.00 +/- 0.00
New best mean reward!
Eval num_timesteps=672000, episode_reward=0.00 +/- 0.00
Episode length: 55.00 +/- 0.00
Eval num_timesteps=1008000, episode_reward=0.00 +/- 0.00
Episode length: 18.00 +/- 0.00
[I 2024-05-24 11:49:42,956] Trial 91 finished with value: 27.0 and parameters: {'n_steps': 3090, 'batch_size': 512, 'gamma': 0.9408381507820843, 'learning_rate': 0.004479505370102128, 'ent_coef': 2.683232144766018e-05, 'clip_range': 0.3569644432113081}. Best is trial 75 with value: 3259.0.
Eval num_timesteps=336000, episode_reward=6.00 +/- 12.00
Episode length: 61.00 +/- 0.00
New best mean reward!
Eval num_timesteps=672000, episode_reward=0.00 +/- 0.00
Episode length: 18.00 +/- 0.00
Eval num_timesteps=1008000, episode_reward=0.00 +/- 0.00
Episode length: 35.00 +/- 0.00
[I 2024-05-24 11:57:34,083] Trial 92 finished with value: 102.0 and parameters: {'n_steps': 3302, 'batch_size': 64, 'gamma': 0.923432006674373, 'learning_rate': 0.0006399670377221884, 'ent_coef': 9.641833611701609e-06, 'clip_range': 0.32011084860231626}. Best is trial 75 with value: 3259.0.
Eval num_timesteps=336000, episode_reward=8.00 +/- 7.48
Episode length: 18.00 +/- 0.00
New best mean reward!
Eval num_timesteps=672000, episode_reward=10.00 +/- 10.95
Episode length: 77.00 +/- 0.00
New best mean reward!
Eval num_timesteps=1008000, episode_reward=8.00 +/- 7.48
Episode length: 43.00 +/- 0.00
[I 2024-05-24 12:01:58,905] Trial 93 finished with value: 97.0 and parameters: {'n_steps': 3191, 'batch_size': 128, 'gamma': 0.9325453382417046, 'learning_rate': 0.0018685249384718038, 'ent_coef': 2.88368662795207e-06, 'clip_range': 0.3293186901400798}. Best is trial 75 with value: 3259.0.
Eval num_timesteps=336000, episode_reward=12.00 +/- 7.48
Episode length: 66.00 +/- 0.00
New best mean reward!
Eval num_timesteps=672000, episode_reward=12.00 +/- 4.00
Episode length: 38.00 +/- 0.00
Eval num_timesteps=1008000, episode_reward=2.00 +/- 4.00
Episode length: 35.00 +/- 0.00
Eval num_timesteps=1344000, episode_reward=8.00 +/- 7.48
Episode length: 59.00 +/- 0.00
Eval num_timesteps=1680000, episode_reward=2.00 +/- 4.00
Episode length: 45.00 +/- 0.00
[I 2024-05-24 12:15:02,922] Trial 94 finished with value: 2.0 and parameters: {'n_steps': 2853, 'batch_size': 64, 'gamma': 0.9706813598012356, 'learning_rate': 0.015573477846449595, 'ent_coef': 1.9227051051979143e-05, 'clip_range': 0.3637480176426917}. Best is trial 75 with value: 3259.0.
Eval num_timesteps=336000, episode_reward=4.00 +/- 4.90
Episode length: 34.00 +/- 0.00
New best mean reward!
Eval num_timesteps=672000, episode_reward=0.00 +/- 0.00
Episode length: 30.00 +/- 0.00
Eval num_timesteps=1008000, episode_reward=0.00 +/- 0.00
Episode length: 18.00 +/- 0.00
[I 2024-05-24 12:29:26,434] Trial 95 finished with value: 2.0 and parameters: {'n_steps': 3036, 'batch_size': 32, 'gamma': 0.948080495602378, 'learning_rate': 0.10186257325733994, 'ent_coef': 5.629014195936954e-06, 'clip_range': 0.3023081927253269}. Best is trial 75 with value: 3259.0.
Eval num_timesteps=336000, episode_reward=0.00 +/- 0.00
Episode length: 34.00 +/- 0.00
New best mean reward!
Eval num_timesteps=672000, episode_reward=0.00 +/- 0.00
Episode length: 18.00 +/- 0.00
Eval num_timesteps=1008000, episode_reward=54.00 +/- 25.77
Episode length: 275.00 +/- 0.00
New best mean reward!
Eval num_timesteps=1344000, episode_reward=16.00 +/- 13.56
Episode length: 48.00 +/- 0.00
Eval num_timesteps=1680000, episode_reward=12.00 +/- 11.66
Episode length: 63.00 +/- 0.00
[I 2024-05-24 12:44:28,873] Trial 96 finished with value: 46.0 and parameters: {'n_steps': 2904, 'batch_size': 64, 'gamma': 0.9822376336370149, 'learning_rate': 0.009462100514472115, 'ent_coef': 0.0003947254537217902, 'clip_range': 0.37404576970346987}. Best is trial 75 with value: 3259.0.
Eval num_timesteps=336000, episode_reward=2.00 +/- 4.00
Episode length: 18.00 +/- 0.00
New best mean reward!
Eval num_timesteps=672000, episode_reward=0.00 +/- 0.00
Episode length: 18.00 +/- 0.00
[I 2024-05-24 12:57:46,662] Trial 97 finished with value: 943.0 and parameters: {'n_steps': 2979, 'batch_size': 32, 'gamma': 0.9669022729365991, 'learning_rate': 0.0012873323160961867, 'ent_coef': 1.2822421240338557e-05, 'clip_range': 0.3481815281795694}. Best is trial 75 with value: 3259.0.
Eval num_timesteps=336000, episode_reward=2.00 +/- 4.00
Episode length: 48.00 +/- 0.00
New best mean reward!
Eval num_timesteps=672000, episode_reward=0.00 +/- 0.00
Episode length: 49.00 +/- 0.00
Eval num_timesteps=1008000, episode_reward=58.00 +/- 27.13
Episode length: 226.00 +/- 0.00
New best mean reward!
Eval num_timesteps=1344000, episode_reward=8.00 +/- 4.00
Episode length: 51.00 +/- 0.00
Eval num_timesteps=1680000, episode_reward=28.00 +/- 17.20
Episode length: 127.00 +/- 0.00
[I 2024-05-24 13:22:03,811] Trial 98 finished with value: 198.0 and parameters: {'n_steps': 2942, 'batch_size': 32, 'gamma': 0.9618642232940612, 'learning_rate': 0.001375598967128641, 'ent_coef': 1.2627924019988248e-05, 'clip_range': 0.33400321333805905}. Best is trial 75 with value: 3259.0.
Eval num_timesteps=336000, episode_reward=4.00 +/- 4.90
Episode length: 27.00 +/- 0.00
New best mean reward!
Eval num_timesteps=672000, episode_reward=2.00 +/- 4.00
Episode length: 35.00 +/- 0.00
Eval num_timesteps=1008000, episode_reward=8.00 +/- 11.66
Episode length: 38.00 +/- 0.00
New best mean reward!
[I 2024-05-24 13:35:24,200] Trial 99 finished with value: 699.0 and parameters: {'n_steps': 3124, 'batch_size': 32, 'gamma': 0.9551673722197283, 'learning_rate': 0.00046893598162002964, 'ent_coef': 3.3888048596617844e-05, 'clip_range': 0.34789005319320243}. Best is trial 75 with value: 3259.0.
Best trial:
  Value: 3259.0
  Params: 
    n_steps: 3322
    batch_size: 64
    gamma: 0.9380536705276602
    learning_rate: 0.001848071372611125
    ent_coef: 5.459115508153335e-05
    clip_range: 0.3462312313824111
  